# JRE version: Java(TM) SE Runtime Environment (8.0_121-b13) (build 1.8.0_121-b13)
# Java VM: Java HotSpot(TM) 64-Bit Server VM (25.121-b13 mixed mode windows-amd64 compressed oops)
Heap:
 PSYoungGen      total 485888K, used 57666K [0x00000000e0000000, 0x0000000100000000, 0x0000000100000000)
  eden space 450560K, 7% used [0x00000000e0000000,0x00000000e20baae0,0x00000000fb800000)
  from space 35328K, 68% used [0x00000000fdc80000,0x00000000ff416020,0x00000000fff00000)
  to   space 36864K, 0% used [0x00000000fb800000,0x00000000fb800000,0x00000000fdc00000)
 ParOldGen       total 177152K, used 57547K [0x00000000a0000000, 0x00000000aad00000, 0x00000000e0000000)
  object space 177152K, 32% used [0x00000000a0000000,0x00000000a3832d10,0x00000000aad00000)
 Metaspace       used 101651K, capacity 108886K, committed 109132K, reserved 1144832K
  class space    used 13064K, capacity 14133K, committed 14168K, reserved 1048576K
GC Heap History (10 events):
Event: 4842.643 GC heap before
{Heap before GC invocations=28 (full 4):
 PSYoungGen      total 483840K, used 451901K [0x00000000e0000000, 0x0000000100000000, 0x0000000100000000)
  eden space 445440K, 99% used [0x00000000e0000000,0x00000000fb26fe80,0x00000000fb300000)
  from space 38400K, 18% used [0x00000000fb300000,0x00000000fb9df970,0x00000000fd880000)
  to   space 38400K, 0% used [0x00000000fda80000,0x00000000fda80000,0x0000000100000000)
 ParOldGen       total 177152K, used 57515K [0x00000000a0000000, 0x00000000aad00000, 0x00000000e0000000)
  object space 177152K, 32% used [0x00000000a0000000,0x00000000a382ad10,0x00000000aad00000)
 Metaspace       used 90764K, capacity 96084K, committed 98380K, reserved 1134592K
  class space    used 11641K, capacity 12527K, committed 12888K, reserved 1048576K
Event: 4842.671 GC heap after
Heap after GC invocations=28 (full 4):
 PSYoungGen      total 484864K, used 8658K [0x00000000e0000000, 0x00000000fff00000, 0x0000000100000000)
  eden space 447488K, 0% used [0x00000000e0000000,0x00000000e0000000,0x00000000fb500000)
  from space 37376K, 23% used [0x00000000fda80000,0x00000000fe2f4828,0x00000000fff00000)
  to   space 37888K, 0% used [0x00000000fb500000,0x00000000fb500000,0x00000000fda00000)
 ParOldGen       total 177152K, used 57515K [0x00000000a0000000, 0x00000000aad00000, 0x00000000e0000000)
  object space 177152K, 32% used [0x00000000a0000000,0x00000000a382ad10,0x00000000aad00000)
 Metaspace       used 90764K, capacity 96084K, committed 98380K, reserved 1134592K
  class space    used 11641K, capacity 12527K, committed 12888K, reserved 1048576K
}
Event: 5116.446 GC heap before
{Heap before GC invocations=29 (full 4):
 PSYoungGen      total 484864K, used 456146K [0x00000000e0000000, 0x00000000fff00000, 0x0000000100000000)
  eden space 447488K, 100% used [0x00000000e0000000,0x00000000fb500000,0x00000000fb500000)
  from space 37376K, 23% used [0x00000000fda80000,0x00000000fe2f4828,0x00000000fff00000)
  to   space 37888K, 0% used [0x00000000fb500000,0x00000000fb500000,0x00000000fda00000)
 ParOldGen       total 177152K, used 57515K [0x00000000a0000000, 0x00000000aad00000, 0x00000000e0000000)
  object space 177152K, 32% used [0x00000000a0000000,0x00000000a382ad10,0x00000000aad00000)
 Metaspace       used 91119K, capacity 96650K, committed 98380K, reserved 1134592K
  class space    used 11670K, capacity 12566K, committed 12888K, reserved 1048576K
Event: 5116.758 GC heap after
Heap after GC invocations=29 (full 4):
 PSYoungGen      total 485376K, used 6625K [0x00000000e0000000, 0x00000000fff80000, 0x0000000100000000)
  eden space 447488K, 0% used [0x00000000e0000000,0x00000000e0000000,0x00000000fb500000)
  from space 37888K, 17% used [0x00000000fb500000,0x00000000fbb78460,0x00000000fda00000)
  to   space 37376K, 0% used [0x00000000fdb00000,0x00000000fdb00000,0x00000000fff80000)
 ParOldGen       total 177152K, used 57523K [0x00000000a0000000, 0x00000000aad00000, 0x00000000e0000000)
  object space 177152K, 32% used [0x00000000a0000000,0x00000000a382cd10,0x00000000aad00000)
 Metaspace       used 91119K, capacity 96650K, committed 98380K, reserved 1134592K
  class space    used 11670K, capacity 12566K, committed 12888K, reserved 1048576K
}
Event: 5149.378 GC heap before
{Heap before GC invocations=30 (full 4):
 PSYoungGen      total 485376K, used 453941K [0x00000000e0000000, 0x00000000fff80000, 0x0000000100000000)
  eden space 447488K, 99% used [0x00000000e0000000,0x00000000fb4d52e0,0x00000000fb500000)
  from space 37888K, 17% used [0x00000000fb500000,0x00000000fbb78460,0x00000000fda00000)
  to   space 37376K, 0% used [0x00000000fdb00000,0x00000000fdb00000,0x00000000fff80000)
 ParOldGen       total 177152K, used 57523K [0x00000000a0000000, 0x00000000aad00000, 0x00000000e0000000)
  object space 177152K, 32% used [0x00000000a0000000,0x00000000a382cd10,0x00000000aad00000)
 Metaspace       used 92064K, capacity 97690K, committed 98380K, reserved 1134592K
  class space    used 11762K, capacity 12684K, committed 12888K, reserved 1048576K
Event: 5149.397 GC heap after
Heap after GC invocations=30 (full 4):
 PSYoungGen      total 484352K, used 19148K [0x00000000e0000000, 0x00000000ffd80000, 0x0000000100000000)
  eden space 449024K, 0% used [0x00000000e0000000,0x00000000e0000000,0x00000000fb680000)
  from space 35328K, 54% used [0x00000000fdb00000,0x00000000fedb3180,0x00000000ffd80000)
  to   space 36352K, 0% used [0x00000000fb680000,0x00000000fb680000,0x00000000fda00000)
 ParOldGen       total 177152K, used 57531K [0x00000000a0000000, 0x00000000aad00000, 0x00000000e0000000)
  object space 177152K, 32% used [0x00000000a0000000,0x00000000a382ed10,0x00000000aad00000)
 Metaspace       used 92064K, capacity 97690K, committed 98380K, reserved 1134592K
  class space    used 11762K, capacity 12684K, committed 12888K, reserved 1048576K
}
Event: 7738.062 GC heap before
{Heap before GC invocations=31 (full 4):
 PSYoungGen      total 484352K, used 468172K [0x00000000e0000000, 0x00000000ffd80000, 0x0000000100000000)
  eden space 449024K, 100% used [0x00000000e0000000,0x00000000fb680000,0x00000000fb680000)
  from space 35328K, 54% used [0x00000000fdb00000,0x00000000fedb3180,0x00000000ffd80000)
  to   space 36352K, 0% used [0x00000000fb680000,0x00000000fb680000,0x00000000fda00000)
 ParOldGen       total 177152K, used 57531K [0x00000000a0000000, 0x00000000aad00000, 0x00000000e0000000)
  object space 177152K, 32% used [0x00000000a0000000,0x00000000a382ed10,0x00000000aad00000)
 Metaspace       used 95448K, capacity 102096K, committed 102348K, reserved 1138688K
  class space    used 12213K, capacity 13203K, committed 13272K, reserved 1048576K
Event: 7738.076 GC heap after
Heap after GC invocations=31 (full 4):
 PSYoungGen      total 485376K, used 9144K [0x00000000e0000000, 0x00000000fff00000, 0x0000000100000000)
  eden space 449024K, 0% used [0x00000000e0000000,0x00000000e0000000,0x00000000fb680000)
  from space 36352K, 25% used [0x00000000fb680000,0x00000000fbf6e158,0x00000000fda00000)
  to   space 35328K, 0% used [0x00000000fdc80000,0x00000000fdc80000,0x00000000fff00000)
 ParOldGen       total 177152K, used 57539K [0x00000000a0000000, 0x00000000aad00000, 0x00000000e0000000)
  object space 177152K, 32% used [0x00000000a0000000,0x00000000a3830d10,0x00000000aad00000)
 Metaspace       used 95448K, capacity 102096K, committed 102348K, reserved 1138688K
  class space    used 12213K, capacity 13203K, committed 13272K, reserved 1048576K
}
Event: 7814.388 GC heap before
{Heap before GC invocations=32 (full 4):
 PSYoungGen      total 485376K, used 458168K [0x00000000e0000000, 0x00000000fff00000, 0x0000000100000000)
  eden space 449024K, 100% used [0x00000000e0000000,0x00000000fb680000,0x00000000fb680000)
  from space 36352K, 25% used [0x00000000fb680000,0x00000000fbf6e158,0x00000000fda00000)
  to   space 35328K, 0% used [0x00000000fdc80000,0x00000000fdc80000,0x00000000fff00000)
 ParOldGen       total 177152K, used 57539K [0x00000000a0000000, 0x00000000aad00000, 0x00000000e0000000)
  object space 177152K, 32% used [0x00000000a0000000,0x00000000a3830d10,0x00000000aad00000)
 Metaspace       used 101630K, capacity 108856K, committed 109132K, reserved 1144832K
  class space    used 13062K, capacity 14128K, committed 14168K, reserved 1048576K
Event: 7816.273 GC heap after
Heap after GC invocations=32 (full 4):
 PSYoungGen      total 485888K, used 24152K [0x00000000e0000000, 0x0000000100000000, 0x0000000100000000)
  eden space 450560K, 0% used [0x00000000e0000000,0x00000000e0000000,0x00000000fb800000)
  from space 35328K, 68% used [0x00000000fdc80000,0x00000000ff416020,0x00000000fff00000)
  to   space 36864K, 0% used [0x00000000fb800000,0x00000000fb800000,0x00000000fdc00000)
 ParOldGen       total 177152K, used 57547K [0x00000000a0000000, 0x00000000aad00000, 0x00000000e0000000)
  object space 177152K, 32% used [0x00000000a0000000,0x00000000a3832d10,0x00000000aad00000)
 Metaspace       used 101630K, capacity 108856K, committed 109132K, reserved 1144832K
  class space    used 13062K, capacity 14128K, committed 14168K, reserved 1048576K
}

